# JRE version: OpenJDK Runtime Environment (8.0_242-b01) (build 1.8.0_242-release-1644-b01)
# Java VM: OpenJDK 64-Bit Server VM (25.242-b01 mixed mode windows-amd64 compressed oops)
Heap:
 PSYoungGen      total 144896K, used 52409K [0x00000000f5580000, 0x0000000100000000, 0x0000000100000000)
  eden space 118272K, 44% used [0x00000000f5580000,0x00000000f88ae6e8,0x00000000fc900000)
  from space 26624K, 0% used [0x00000000fc900000,0x00000000fc900000,0x00000000fe300000)
  to   space 25600K, 0% used [0x00000000fe700000,0x00000000fe700000,0x0000000100000000)
 ParOldGen       total 327168K, used 49766K [0x00000000e0000000, 0x00000000f3f80000, 0x00000000f5580000)
  object space 327168K, 15% used [0x00000000e0000000,0x00000000e3099b60,0x00000000f3f80000)
 Metaspace       used 97117K, capacity 101254K, committed 101912K, reserved 1136640K
  class space    used 12825K, capacity 13722K, committed 13848K, reserved 1048576K
GC Heap History (10 events):
Event: 125.671 GC heap before
{Heap before GC invocations=17 (full 3):
 PSYoungGen      total 150528K, used 150426K [0x00000000f5580000, 0x0000000100000000, 0x0000000100000000)
  eden space 131584K, 100% used [0x00000000f5580000,0x00000000fd600000,0x00000000fd600000)
  from space 18944K, 99% used [0x00000000fd600000,0x00000000fe866ba8,0x00000000fe880000)
  to   space 23040K, 0% used [0x00000000fe980000,0x00000000fe980000,0x0000000100000000)
 ParOldGen       total 234496K, used 40405K [0x00000000e0000000, 0x00000000ee500000, 0x00000000f5580000)
  object space 234496K, 17% used [0x00000000e0000000,0x00000000e2775780,0x00000000ee500000)
 Metaspace       used 87310K, capacity 91264K, committed 91416K, reserved 1128448K
  class space    used 11728K, capacity 12531K, committed 12568K, reserved 1048576K
Event: 125.732 GC heap after
Heap after GC invocations=17 (full 3):
 PSYoungGen      total 140288K, used 23035K [0x00000000f5580000, 0x0000000100000000, 0x0000000100000000)
  eden space 117248K, 0% used [0x00000000f5580000,0x00000000f5580000,0x00000000fc800000)
  from space 23040K, 99% used [0x00000000fe980000,0x00000000ffffed20,0x0000000100000000)
  to   space 28672K, 0% used [0x00000000fc800000,0x00000000fc800000,0x00000000fe400000)
 ParOldGen       total 234496K, used 47985K [0x00000000e0000000, 0x00000000ee500000, 0x00000000f5580000)
  object space 234496K, 20% used [0x00000000e0000000,0x00000000e2edc400,0x00000000ee500000)
 Metaspace       used 87310K, capacity 91264K, committed 91416K, reserved 1128448K
  class space    used 11728K, capacity 12531K, committed 12568K, reserved 1048576K
}
Event: 131.593 GC heap before
{Heap before GC invocations=18 (full 3):
 PSYoungGen      total 140288K, used 140283K [0x00000000f5580000, 0x0000000100000000, 0x0000000100000000)
  eden space 117248K, 100% used [0x00000000f5580000,0x00000000fc800000,0x00000000fc800000)
  from space 23040K, 99% used [0x00000000fe980000,0x00000000ffffed20,0x0000000100000000)
  to   space 28672K, 0% used [0x00000000fc800000,0x00000000fc800000,0x00000000fe400000)
 ParOldGen       total 234496K, used 47987K [0x00000000e0000000, 0x00000000ee500000, 0x00000000f5580000)
  object space 234496K, 20% used [0x00000000e0000000,0x00000000e2edccd8,0x00000000ee500000)
 Metaspace       used 91097K, capacity 95452K, committed 95512K, reserved 1132544K
  class space    used 12175K, capacity 13061K, committed 13080K, reserved 1048576K
Event: 131.698 GC heap after
Heap after GC invocations=18 (full 3):
 PSYoungGen      total 145920K, used 13537K [0x00000000f5580000, 0x0000000100000000, 0x0000000100000000)
  eden space 117248K, 0% used [0x00000000f5580000,0x00000000f5580000,0x00000000fc800000)
  from space 28672K, 47% used [0x00000000fc800000,0x00000000fd5386a8,0x00000000fe400000)
  to   space 27648K, 0% used [0x00000000fe500000,0x00000000fe500000,0x0000000100000000)
 ParOldGen       total 234496K, used 60855K [0x00000000e0000000, 0x00000000ee500000, 0x00000000f5580000)
  object space 234496K, 25% used [0x00000000e0000000,0x00000000e3b6dd28,0x00000000ee500000)
 Metaspace       used 91097K, capacity 95452K, committed 95512K, reserved 1132544K
  class space    used 12175K, capacity 13061K, committed 13080K, reserved 1048576K
}
Event: 135.557 GC heap before
{Heap before GC invocations=19 (full 3):
 PSYoungGen      total 145920K, used 130785K [0x00000000f5580000, 0x0000000100000000, 0x0000000100000000)
  eden space 117248K, 100% used [0x00000000f5580000,0x00000000fc800000,0x00000000fc800000)
  from space 28672K, 47% used [0x00000000fc800000,0x00000000fd5386a8,0x00000000fe400000)
  to   space 27648K, 0% used [0x00000000fe500000,0x00000000fe500000,0x0000000100000000)
 ParOldGen       total 234496K, used 60855K [0x00000000e0000000, 0x00000000ee500000, 0x00000000f5580000)
  object space 234496K, 25% used [0x00000000e0000000,0x00000000e3b6dd28,0x00000000ee500000)
 Metaspace       used 91124K, capacity 95516K, committed 95768K, reserved 1132544K
  class space    used 12176K, capacity 13061K, committed 13080K, reserved 1048576K
Event: 135.587 GC heap after
Heap after GC invocations=19 (full 3):
 PSYoungGen      total 142848K, used 11047K [0x00000000f5580000, 0x00000000ffd00000, 0x0000000100000000)
  eden space 118272K, 0% used [0x00000000f5580000,0x00000000f5580000,0x00000000fc900000)
  from space 24576K, 44% used [0x00000000fe500000,0x00000000fefc9d70,0x00000000ffd00000)
  to   space 26624K, 0% used [0x00000000fc900000,0x00000000fc900000,0x00000000fe300000)
 ParOldGen       total 234496K, used 60863K [0x00000000e0000000, 0x00000000ee500000, 0x00000000f5580000)
  object space 234496K, 25% used [0x00000000e0000000,0x00000000e3b6fd28,0x00000000ee500000)
 Metaspace       used 91124K, capacity 95516K, committed 95768K, reserved 1132544K
  class space    used 12176K, capacity 13061K, committed 13080K, reserved 1048576K
}
Event: 138.244 GC heap before
{Heap before GC invocations=20 (full 3):
 PSYoungGen      total 142848K, used 28686K [0x00000000f5580000, 0x00000000ffd00000, 0x0000000100000000)
  eden space 118272K, 14% used [0x00000000f5580000,0x00000000f66b9cd8,0x00000000fc900000)
  from space 24576K, 44% used [0x00000000fe500000,0x00000000fefc9d70,0x00000000ffd00000)
  to   space 26624K, 0% used [0x00000000fc900000,0x00000000fc900000,0x00000000fe300000)
 ParOldGen       total 234496K, used 60863K [0x00000000e0000000, 0x00000000ee500000, 0x00000000f5580000)
  object space 234496K, 25% used [0x00000000e0000000,0x00000000e3b6fd28,0x00000000ee500000)
 Metaspace       used 94066K, capacity 98474K, committed 98584K, reserved 1134592K
  class space    used 12608K, capacity 13502K, committed 13592K, reserved 1048576K
Event: 138.267 GC heap after
Heap after GC invocations=20 (full 3):
 PSYoungGen      total 144896K, used 12148K [0x00000000f5580000, 0x0000000100000000, 0x0000000100000000)
  eden space 118272K, 0% used [0x00000000f5580000,0x00000000f5580000,0x00000000fc900000)
  from space 26624K, 45% used [0x00000000fc900000,0x00000000fd4dd378,0x00000000fe300000)
  to   space 25600K, 0% used [0x00000000fe700000,0x00000000fe700000,0x0000000100000000)
 ParOldGen       total 234496K, used 60863K [0x00000000e0000000, 0x00000000ee500000, 0x00000000f5580000)
  object space 234496K, 25% used [0x00000000e0000000,0x00000000e3b6fd28,0x00000000ee500000)
 Metaspace       used 94066K, capacity 98474K, committed 98584K, reserved 1134592K
  class space    used 12608K, capacity 13502K, committed 13592K, reserved 1048576K
}
Event: 138.267 GC heap before
{Heap before GC invocations=21 (full 4):
 PSYoungGen      total 144896K, used 12148K [0x00000000f5580000, 0x0000000100000000, 0x0000000100000000)
  eden space 118272K, 0% used [0x00000000f5580000,0x00000000f5580000,0x00000000fc900000)
  from space 26624K, 45% used [0x00000000fc900000,0x00000000fd4dd378,0x00000000fe300000)
  to   space 25600K, 0% used [0x00000000fe700000,0x00000000fe700000,0x0000000100000000)
 ParOldGen       total 234496K, used 60863K [0x00000000e0000000, 0x00000000ee500000, 0x00000000f5580000)
  object space 234496K, 25% used [0x00000000e0000000,0x00000000e3b6fd28,0x00000000ee500000)
 Metaspace       used 94066K, capacity 98474K, committed 98584K, reserved 1134592K
  class space    used 12608K, capacity 13502K, committed 13592K, reserved 1048576K
Event: 138.781 GC heap after
Heap after GC invocations=21 (full 4):
 PSYoungGen      total 144896K, used 0K [0x00000000f5580000, 0x0000000100000000, 0x0000000100000000)
  eden space 118272K, 0% used [0x00000000f5580000,0x00000000f5580000,0x00000000fc900000)
  from space 26624K, 0% used [0x00000000fc900000,0x00000000fc900000,0x00000000fe300000)
  to   space 25600K, 0% used [0x00000000fe700000,0x00000000fe700000,0x0000000100000000)
 ParOldGen       total 327168K, used 49766K [0x00000000e0000000, 0x00000000f3f80000, 0x00000000f5580000)
  object space 327168K, 15% used [0x00000000e0000000,0x00000000e3099b60,0x00000000f3f80000)
 Metaspace       used 93922K, capacity 98026K, committed 98584K, reserved 1134592K
  class space    used 12561K, capacity 13418K, committed 13592K, reserved 1048576K
}

